[0m11:17:48.625799 [debug] [MainThread]: Sending event: {'category': 'dbt', 'action': 'invocation', 'label': 'start', 'context': [<snowplow_tracker.self_describing_json.SelfDescribingJson object at 0x00000249D480DA00>, <snowplow_tracker.self_describing_json.SelfDescribingJson object at 0x00000249D7D28470>, <snowplow_tracker.self_describing_json.SelfDescribingJson object at 0x00000249D7D2B710>]}


============================== 11:17:48.636364 | e01712af-d3ee-49ec-9239-abf2264a59cb ==============================
[0m11:17:48.636364 [info ] [MainThread]: Running with dbt=1.10.10
[0m11:17:48.636364 [debug] [MainThread]: running dbt with arguments {'partial_parse': 'True', 'warn_error_options': 'WarnErrorOptionsV2(error=[], warn=[], silence=[])', 'send_anonymous_usage_stats': 'True', 'version_check': 'True', 'cache_selected_only': 'False', 'target_path': 'None', 'warn_error': 'None', 'invocation_command': 'dbt init headout', 'log_format': 'default', 'use_colors': 'True', 'introspect': 'True', 'debug': 'False', 'printer_width': '80', 'fail_fast': 'False', 'no_print': 'None', 'use_experimental_parser': 'False', 'log_cache_events': 'False', 'quiet': 'False', 'empty': 'None', 'log_path': 'logs', 'indirect_selection': 'eager', 'profiles_dir': 'C:\\Users\\aksha\\.dbt', 'static_parser': 'True', 'write_json': 'True'}
[0m11:17:48.647084 [debug] [MainThread]: Starter project path: C:\Users\aksha\AppData\Local\Programs\Python\Python312\Lib\site-packages\dbt\include\starter_project
[0m11:17:48.659716 [info ] [MainThread]: 
Your new dbt project "headout" was created!

For more information on how to configure the profiles.yml file,
please consult the dbt documentation here:

  https://docs.getdbt.com/docs/configure-your-profile

One more thing:

Need help? Don't hesitate to reach out to us via GitHub issues or on Slack:

  https://community.getdbt.com/

Happy modeling!

[0m11:17:48.660715 [info ] [MainThread]: Setting up your profile.
[0m11:18:03.880033 [info ] [MainThread]: Profile headout written to C:\Users\aksha\.dbt\profiles.yml using target's profile_template.yml and your supplied values. Run 'dbt debug' to validate the connection.
[0m11:18:03.891022 [debug] [MainThread]: Command `dbt init` succeeded at 11:18:03.891022 after 15.38 seconds
[0m11:18:03.891022 [debug] [MainThread]: Sending event: {'category': 'dbt', 'action': 'invocation', 'label': 'end', 'context': [<snowplow_tracker.self_describing_json.SelfDescribingJson object at 0x00000249D835A5A0>, <snowplow_tracker.self_describing_json.SelfDescribingJson object at 0x00000249D9A2CB30>, <snowplow_tracker.self_describing_json.SelfDescribingJson object at 0x00000249D9F84DD0>]}
[0m11:18:03.892025 [debug] [MainThread]: Flushing usage events
[0m11:18:05.030770 [debug] [MainThread]: An error was encountered while trying to flush usage events
